# JRE version: Java(TM) SE Runtime Environment (17.0.5+9) (build 17.0.5+9-LTS-191)
# Java VM: Java HotSpot(TM) 64-Bit Server VM (17.0.5+9-LTS-191, mixed mode, emulated-client, sharing, tiered, compressed oops, compressed class ptrs, g1 gc, windows-amd64)
GC Precious Log:
 CPUs: 8 total, 8 available
 Memory: 7834M
 Large Page Support: Disabled
 NUMA Support: Disabled
 Compressed Oops: Enabled (32-bit)
 Heap Region Size: 1M
 Heap Min Capacity: 8M
 Heap Initial Capacity: 124M
 Heap Max Capacity: 1960M
 Pre-touch: Disabled
 Parallel Workers: 8
 Concurrent Workers: 2
 Concurrent Refinement Workers: 8
 Periodic GC: Disabled
Heap:
 garbage-first heap   total 107520K, used 70298K [0x0000000085800000, 0x0000000100000000)
  region size 1024K, 50 young (51200K), 1 survivors (1024K)
 Metaspace       used 46914K, committed 47232K, reserved 1097728K
  class space    used 6596K, committed 6720K, reserved 1048576K
GC Heap History (20 events):
Event: 1.812 GC heap before
{Heap before GC invocations=1 (full 0):
 garbage-first heap   total 126976K, used 30354K [0x0000000085800000, 0x0000000100000000)
  region size 1024K, 25 young (25600K), 3 survivors (3072K)
 Metaspace       used 10977K, committed 11264K, reserved 1064960K
  class space    used 1456K, committed 1600K, reserved 1048576K
}
Event: 1.816 GC heap after
{Heap after GC invocations=2 (full 0):
 garbage-first heap   total 126976K, used 9461K [0x0000000085800000, 0x0000000100000000)
  region size 1024K, 2 young (2048K), 2 survivors (2048K)
 Metaspace       used 10977K, committed 11264K, reserved 1064960K
  class space    used 1456K, committed 1600K, reserved 1048576K
}
Event: 5.191 GC heap before
{Heap before GC invocations=2 (full 0):
 garbage-first heap   total 126976K, used 58613K [0x0000000085800000, 0x0000000100000000)
  region size 1024K, 51 young (52224K), 2 survivors (2048K)
 Metaspace       used 17302K, committed 17664K, reserved 1064960K
  class space    used 2310K, committed 2496K, reserved 1048576K
}
Event: 5.194 GC heap after
{Heap after GC invocations=3 (full 0):
 garbage-first heap   total 126976K, used 12242K [0x0000000085800000, 0x0000000100000000)
  region size 1024K, 5 young (5120K), 5 survivors (5120K)
 Metaspace       used 17302K, committed 17664K, reserved 1064960K
  class space    used 2310K, committed 2496K, reserved 1048576K
}
Event: 9.132 GC heap before
{Heap before GC invocations=3 (full 0):
 garbage-first heap   total 126976K, used 39890K [0x0000000085800000, 0x0000000100000000)
  region size 1024K, 33 young (33792K), 5 survivors (5120K)
 Metaspace       used 21215K, committed 21504K, reserved 1073152K
  class space    used 2914K, committed 3072K, reserved 1048576K
}
Event: 9.136 GC heap after
{Heap after GC invocations=4 (full 0):
 garbage-first heap   total 126976K, used 14575K [0x0000000085800000, 0x0000000100000000)
  region size 1024K, 7 young (7168K), 7 survivors (7168K)
 Metaspace       used 21215K, committed 21504K, reserved 1073152K
  class space    used 2914K, committed 3072K, reserved 1048576K
}
Event: 9.449 GC heap before
{Heap before GC invocations=5 (full 0):
 garbage-first heap   total 55296K, used 42223K [0x0000000085800000, 0x0000000100000000)
  region size 1024K, 35 young (35840K), 7 survivors (7168K)
 Metaspace       used 24221K, committed 24576K, reserved 1073152K
  class space    used 3328K, committed 3456K, reserved 1048576K
}
Event: 9.455 GC heap after
{Heap after GC invocations=6 (full 0):
 garbage-first heap   total 55296K, used 17128K [0x0000000085800000, 0x0000000100000000)
  region size 1024K, 8 young (8192K), 8 survivors (8192K)
 Metaspace       used 24221K, committed 24576K, reserved 1073152K
  class space    used 3328K, committed 3456K, reserved 1048576K
}
Event: 9.466 GC heap before
{Heap before GC invocations=6 (full 0):
 garbage-first heap   total 55296K, used 18152K [0x0000000085800000, 0x0000000100000000)
  region size 1024K, 9 young (9216K), 8 survivors (8192K)
 Metaspace       used 24256K, committed 24640K, reserved 1073152K
  class space    used 3333K, committed 3520K, reserved 1048576K
}
Event: 9.470 GC heap after
{Heap after GC invocations=7 (full 0):
 garbage-first heap   total 55296K, used 17581K [0x0000000085800000, 0x0000000100000000)
  region size 1024K, 2 young (2048K), 2 survivors (2048K)
 Metaspace       used 24256K, committed 24640K, reserved 1073152K
  class space    used 3333K, committed 3520K, reserved 1048576K
}
Event: 9.835 GC heap before
{Heap before GC invocations=7 (full 0):
 garbage-first heap   total 55296K, used 38061K [0x0000000085800000, 0x0000000100000000)
  region size 1024K, 23 young (23552K), 2 survivors (2048K)
 Metaspace       used 29701K, committed 30080K, reserved 1081344K
  class space    used 4179K, committed 4352K, reserved 1048576K
}
Event: 9.837 GC heap after
{Heap after GC invocations=8 (full 0):
 garbage-first heap   total 55296K, used 17531K [0x0000000085800000, 0x0000000100000000)
  region size 1024K, 2 young (2048K), 2 survivors (2048K)
 Metaspace       used 29701K, committed 30080K, reserved 1081344K
  class space    used 4179K, committed 4352K, reserved 1048576K
}
Event: 11.251 GC heap before
{Heap before GC invocations=8 (full 0):
 garbage-first heap   total 55296K, used 40059K [0x0000000085800000, 0x0000000100000000)
  region size 1024K, 24 young (24576K), 2 survivors (2048K)
 Metaspace       used 35678K, committed 36096K, reserved 1081344K
  class space    used 4871K, committed 5056K, reserved 1048576K
}
Event: 11.254 GC heap after
{Heap after GC invocations=9 (full 0):
 garbage-first heap   total 55296K, used 19897K [0x0000000085800000, 0x0000000100000000)
  region size 1024K, 3 young (3072K), 3 survivors (3072K)
 Metaspace       used 35678K, committed 36096K, reserved 1081344K
  class space    used 4871K, committed 5056K, reserved 1048576K
}
Event: 11.259 GC heap before
{Heap before GC invocations=9 (full 0):
 garbage-first heap   total 55296K, used 19897K [0x0000000085800000, 0x0000000100000000)
  region size 1024K, 4 young (4096K), 3 survivors (3072K)
 Metaspace       used 35752K, committed 36096K, reserved 1081344K
  class space    used 4887K, committed 5056K, reserved 1048576K
}
Event: 11.261 GC heap after
{Heap after GC invocations=10 (full 0):
 garbage-first heap   total 55296K, used 20422K [0x0000000085800000, 0x0000000100000000)
  region size 1024K, 1 young (1024K), 1 survivors (1024K)
 Metaspace       used 35752K, committed 36096K, reserved 1081344K
  class space    used 4887K, committed 5056K, reserved 1048576K
}
Event: 11.523 GC heap before
{Heap before GC invocations=11 (full 0):
 garbage-first heap   total 55296K, used 41926K [0x0000000085800000, 0x0000000100000000)
  region size 1024K, 22 young (22528K), 1 survivors (1024K)
 Metaspace       used 40024K, committed 40448K, reserved 1089536K
  class space    used 5612K, committed 5824K, reserved 1048576K
}
Event: 11.525 GC heap after
{Heap after GC invocations=12 (full 0):
 garbage-first heap   total 107520K, used 20973K [0x0000000085800000, 0x0000000100000000)
  region size 1024K, 2 young (2048K), 2 survivors (2048K)
 Metaspace       used 40024K, committed 40448K, reserved 1089536K
  class space    used 5612K, committed 5824K, reserved 1048576K
}
Event: 11.545 GC heap before
{Heap before GC invocations=12 (full 0):
 garbage-first heap   total 107520K, used 24045K [0x0000000085800000, 0x0000000100000000)
  region size 1024K, 5 young (5120K), 2 survivors (2048K)
 Metaspace       used 40383K, committed 40704K, reserved 1089536K
  class space    used 5654K, committed 5824K, reserved 1048576K
}
Event: 11.547 GC heap after
{Heap after GC invocations=13 (full 0):
 garbage-first heap   total 107520K, used 21146K [0x0000000085800000, 0x0000000100000000)
  region size 1024K, 1 young (1024K), 1 survivors (1024K)
 Metaspace       used 40383K, committed 40704K, reserved 1089536K
  class space    used 5654K, committed 5824K, reserved 1048576K
}

