# JRE version: OpenJDK Runtime Environment Temurin-21.0.6+7 (21.0.6+7) (build 21.0.6+7-LTS)
# Java VM: OpenJDK 64-Bit Server VM Temurin-21.0.6+7 (21.0.6+7-LTS, mixed mode, sharing, tiered, compressed oops, compressed class ptrs, parallel gc, windows-amd64)
GC Precious Log:
 CardTable entry size: 512
 CPUs: 8 total, 8 available
 Memory: 7834M
 Large Page Support: Disabled
 NUMA Support: Disabled
 Compressed Oops: Enabled (32-bit)
 Alignments: Space 512K, Generation 512K, Heap 2M
 Heap Min Capacity: 100M
 Heap Initial Capacity: 100M
 Heap Max Capacity: 1G
 Pre-touch: Disabled
 Parallel Workers: 8
Heap:
 PSYoungGen      total 2560K, used 2560K [0x00000000eab00000, 0x00000000eaf00000, 0x0000000100000000)
  eden space 2048K, 100% used [0x00000000eab00000,0x00000000ead00000,0x00000000ead00000)
  from space 512K, 100% used [0x00000000ead80000,0x00000000eae00000,0x00000000eae00000)
  to   space 1024K, 15% used [0x00000000eae00000,0x00000000eae28000,0x00000000eaf00000)
 ParOldGen       total 141312K, used 140891K [0x00000000c0000000, 0x00000000c8a00000, 0x00000000eab00000)
  object space 141312K, 99% used [0x00000000c0000000,0x00000000c8996d10,0x00000000c8a00000)
 Metaspace       used 73326K, committed 74880K, reserved 1179648K
  class space    used 7466K, committed 8128K, reserved 1048576K
GC Heap History (20 events):
Event: 104.202 GC heap before
{Heap before GC invocations=186 (full 3):
 PSYoungGen      total 2560K, used 2336K [0x00000000eab00000, 0x00000000eae80000, 0x0000000100000000)
  eden space 2048K, 100% used [0x00000000eab00000,0x00000000ead00000,0x00000000ead00000)
  from space 512K, 56% used [0x00000000eae00000,0x00000000eae48000,0x00000000eae80000)
  to   space 512K, 0% used [0x00000000ead80000,0x00000000ead80000,0x00000000eae00000)
 ParOldGen       total 136704K, used 136637K [0x00000000c0000000, 0x00000000c8580000, 0x00000000eab00000)
  object space 136704K, 99% used [0x00000000c0000000,0x00000000c856f7c0,0x00000000c8580000)
 Metaspace       used 73316K, committed 74880K, reserved 1179648K
  class space    used 7466K, committed 8128K, reserved 1048576K
}
Event: 104.205 GC heap after
{Heap after GC invocations=186 (full 3):
 PSYoungGen      total 2560K, used 224K [0x00000000eab00000, 0x00000000eae80000, 0x0000000100000000)
  eden space 2048K, 0% used [0x00000000eab00000,0x00000000eab00000,0x00000000ead00000)
  from space 512K, 43% used [0x00000000ead80000,0x00000000eadb8020,0x00000000eae00000)
  to   space 512K, 0% used [0x00000000eae00000,0x00000000eae00000,0x00000000eae80000)
 ParOldGen       total 137216K, used 136805K [0x00000000c0000000, 0x00000000c8600000, 0x00000000eab00000)
  object space 137216K, 99% used [0x00000000c0000000,0x00000000c85997c0,0x00000000c8600000)
 Metaspace       used 73316K, committed 74880K, reserved 1179648K
  class space    used 7466K, committed 8128K, reserved 1048576K
}
Event: 104.221 GC heap before
{Heap before GC invocations=187 (full 3):
 PSYoungGen      total 2560K, used 2272K [0x00000000eab00000, 0x00000000eae80000, 0x0000000100000000)
  eden space 2048K, 100% used [0x00000000eab00000,0x00000000ead00000,0x00000000ead00000)
  from space 512K, 43% used [0x00000000ead80000,0x00000000eadb8020,0x00000000eae00000)
  to   space 512K, 0% used [0x00000000eae00000,0x00000000eae00000,0x00000000eae80000)
 ParOldGen       total 137216K, used 136805K [0x00000000c0000000, 0x00000000c8600000, 0x00000000eab00000)
  object space 137216K, 99% used [0x00000000c0000000,0x00000000c85997c0,0x00000000c8600000)
 Metaspace       used 73316K, committed 74880K, reserved 1179648K
  class space    used 7466K, committed 8128K, reserved 1048576K
}
Event: 104.222 GC heap after
{Heap after GC invocations=187 (full 3):
 PSYoungGen      total 2560K, used 384K [0x00000000eab00000, 0x00000000eae80000, 0x0000000100000000)
  eden space 2048K, 0% used [0x00000000eab00000,0x00000000eab00000,0x00000000ead00000)
  from space 512K, 75% used [0x00000000eae00000,0x00000000eae60020,0x00000000eae80000)
  to   space 512K, 0% used [0x00000000ead80000,0x00000000ead80000,0x00000000eae00000)
 ParOldGen       total 137216K, used 136949K [0x00000000c0000000, 0x00000000c8600000, 0x00000000eab00000)
  object space 137216K, 99% used [0x00000000c0000000,0x00000000c85bd7c0,0x00000000c8600000)
 Metaspace       used 73316K, committed 74880K, reserved 1179648K
  class space    used 7466K, committed 8128K, reserved 1048576K
}
Event: 104.228 GC heap before
{Heap before GC invocations=188 (full 3):
 PSYoungGen      total 2560K, used 2432K [0x00000000eab00000, 0x00000000eae80000, 0x0000000100000000)
  eden space 2048K, 100% used [0x00000000eab00000,0x00000000ead00000,0x00000000ead00000)
  from space 512K, 75% used [0x00000000eae00000,0x00000000eae60020,0x00000000eae80000)
  to   space 512K, 0% used [0x00000000ead80000,0x00000000ead80000,0x00000000eae00000)
 ParOldGen       total 137216K, used 136949K [0x00000000c0000000, 0x00000000c8600000, 0x00000000eab00000)
  object space 137216K, 99% used [0x00000000c0000000,0x00000000c85bd7c0,0x00000000c8600000)
 Metaspace       used 73316K, committed 74880K, reserved 1179648K
  class space    used 7466K, committed 8128K, reserved 1048576K
}
Event: 104.229 GC heap after
{Heap after GC invocations=188 (full 3):
 PSYoungGen      total 2560K, used 208K [0x00000000eab00000, 0x00000000eae80000, 0x0000000100000000)
  eden space 2048K, 0% used [0x00000000eab00000,0x00000000eab00000,0x00000000ead00000)
  from space 512K, 40% used [0x00000000ead80000,0x00000000eadb4010,0x00000000eae00000)
  to   space 512K, 0% used [0x00000000eae00000,0x00000000eae00000,0x00000000eae80000)
 ParOldGen       total 137216K, used 137165K [0x00000000c0000000, 0x00000000c8600000, 0x00000000eab00000)
  object space 137216K, 99% used [0x00000000c0000000,0x00000000c85f37e0,0x00000000c8600000)
 Metaspace       used 73316K, committed 74880K, reserved 1179648K
  class space    used 7466K, committed 8128K, reserved 1048576K
}
Event: 104.259 GC heap before
{Heap before GC invocations=189 (full 3):
 PSYoungGen      total 2560K, used 2256K [0x00000000eab00000, 0x00000000eae80000, 0x0000000100000000)
  eden space 2048K, 100% used [0x00000000eab00000,0x00000000ead00000,0x00000000ead00000)
  from space 512K, 40% used [0x00000000ead80000,0x00000000eadb4010,0x00000000eae00000)
  to   space 512K, 0% used [0x00000000eae00000,0x00000000eae00000,0x00000000eae80000)
 ParOldGen       total 137216K, used 137165K [0x00000000c0000000, 0x00000000c8600000, 0x00000000eab00000)
  object space 137216K, 99% used [0x00000000c0000000,0x00000000c85f37e0,0x00000000c8600000)
 Metaspace       used 73319K, committed 74880K, reserved 1179648K
  class space    used 7466K, committed 8128K, reserved 1048576K
}
Event: 104.261 GC heap after
{Heap after GC invocations=189 (full 3):
 PSYoungGen      total 2560K, used 512K [0x00000000eab00000, 0x00000000eaf00000, 0x0000000100000000)
  eden space 2048K, 0% used [0x00000000eab00000,0x00000000eab00000,0x00000000ead00000)
  from space 512K, 100% used [0x00000000eae00000,0x00000000eae80000,0x00000000eae80000)
  to   space 1024K, 0% used [0x00000000ead00000,0x00000000ead00000,0x00000000eae00000)
 ParOldGen       total 137728K, used 137326K [0x00000000c0000000, 0x00000000c8680000, 0x00000000eab00000)
  object space 137728K, 99% used [0x00000000c0000000,0x00000000c861b800,0x00000000c8680000)
 Metaspace       used 73319K, committed 74880K, reserved 1179648K
  class space    used 7466K, committed 8128K, reserved 1048576K
}
Event: 104.303 GC heap before
{Heap before GC invocations=190 (full 3):
 PSYoungGen      total 2560K, used 2560K [0x00000000eab00000, 0x00000000eaf00000, 0x0000000100000000)
  eden space 2048K, 100% used [0x00000000eab00000,0x00000000ead00000,0x00000000ead00000)
  from space 512K, 100% used [0x00000000eae00000,0x00000000eae80000,0x00000000eae80000)
  to   space 1024K, 0% used [0x00000000ead00000,0x00000000ead00000,0x00000000eae00000)
 ParOldGen       total 137728K, used 137326K [0x00000000c0000000, 0x00000000c8680000, 0x00000000eab00000)
  object space 137728K, 99% used [0x00000000c0000000,0x00000000c861b800,0x00000000c8680000)
 Metaspace       used 73322K, committed 74880K, reserved 1179648K
  class space    used 7466K, committed 8128K, reserved 1048576K
}
Event: 104.307 GC heap after
{Heap after GC invocations=190 (full 3):
 PSYoungGen      total 3072K, used 576K [0x00000000eab00000, 0x00000000eaf00000, 0x0000000100000000)
  eden space 2048K, 0% used [0x00000000eab00000,0x00000000eab00000,0x00000000ead00000)
  from space 1024K, 56% used [0x00000000ead00000,0x00000000ead90000,0x00000000eae00000)
  to   space 1024K, 0% used [0x00000000eae00000,0x00000000eae00000,0x00000000eaf00000)
 ParOldGen       total 137728K, used 137670K [0x00000000c0000000, 0x00000000c8680000, 0x00000000eab00000)
  object space 137728K, 99% used [0x00000000c0000000,0x00000000c8671820,0x00000000c8680000)
 Metaspace       used 73322K, committed 74880K, reserved 1179648K
  class space    used 7466K, committed 8128K, reserved 1048576K
}
Event: 104.318 GC heap before
{Heap before GC invocations=191 (full 3):
 PSYoungGen      total 3072K, used 2624K [0x00000000eab00000, 0x00000000eaf00000, 0x0000000100000000)
  eden space 2048K, 100% used [0x00000000eab00000,0x00000000ead00000,0x00000000ead00000)
  from space 1024K, 56% used [0x00000000ead00000,0x00000000ead90000,0x00000000eae00000)
  to   space 1024K, 0% used [0x00000000eae00000,0x00000000eae00000,0x00000000eaf00000)
 ParOldGen       total 137728K, used 137670K [0x00000000c0000000, 0x00000000c8680000, 0x00000000eab00000)
  object space 137728K, 99% used [0x00000000c0000000,0x00000000c8671820,0x00000000c8680000)
 Metaspace       used 73322K, committed 74880K, reserved 1179648K
  class space    used 7466K, committed 8128K, reserved 1048576K
}
Event: 104.322 GC heap after
{Heap after GC invocations=191 (full 3):
 PSYoungGen      total 3072K, used 768K [0x00000000eab00000, 0x00000000eaf00000, 0x0000000100000000)
  eden space 2048K, 0% used [0x00000000eab00000,0x00000000eab00000,0x00000000ead00000)
  from space 1024K, 75% used [0x00000000eae00000,0x00000000eaec0000,0x00000000eaf00000)
  to   space 1024K, 0% used [0x00000000ead00000,0x00000000ead00000,0x00000000eae00000)
 ParOldGen       total 138240K, used 138131K [0x00000000c0000000, 0x00000000c8700000, 0x00000000eab00000)
  object space 138240K, 99% used [0x00000000c0000000,0x00000000c86e4cb0,0x00000000c8700000)
 Metaspace       used 73322K, committed 74880K, reserved 1179648K
  class space    used 7466K, committed 8128K, reserved 1048576K
}
Event: 104.333 GC heap before
{Heap before GC invocations=192 (full 3):
 PSYoungGen      total 3072K, used 2816K [0x00000000eab00000, 0x00000000eaf00000, 0x0000000100000000)
  eden space 2048K, 100% used [0x00000000eab00000,0x00000000ead00000,0x00000000ead00000)
  from space 1024K, 75% used [0x00000000eae00000,0x00000000eaec0000,0x00000000eaf00000)
  to   space 1024K, 0% used [0x00000000ead00000,0x00000000ead00000,0x00000000eae00000)
 ParOldGen       total 138240K, used 138131K [0x00000000c0000000, 0x00000000c8700000, 0x00000000eab00000)
  object space 138240K, 99% used [0x00000000c0000000,0x00000000c86e4cb0,0x00000000c8700000)
 Metaspace       used 73322K, committed 74880K, reserved 1179648K
  class space    used 7466K, committed 8128K, reserved 1048576K
}
Event: 104.335 GC heap after
{Heap after GC invocations=192 (full 3):
 PSYoungGen      total 3072K, used 928K [0x00000000eab00000, 0x00000000eaf00000, 0x0000000100000000)
  eden space 2048K, 0% used [0x00000000eab00000,0x00000000eab00000,0x00000000ead00000)
  from space 1024K, 90% used [0x00000000ead00000,0x00000000eade8000,0x00000000eae00000)
  to   space 1024K, 0% used [0x00000000eae00000,0x00000000eae00000,0x00000000eaf00000)
 ParOldGen       total 139264K, used 138891K [0x00000000c0000000, 0x00000000c8800000, 0x00000000eab00000)
  object space 139264K, 99% used [0x00000000c0000000,0x00000000c87a2cc0,0x00000000c8800000)
 Metaspace       used 73322K, committed 74880K, reserved 1179648K
  class space    used 7466K, committed 8128K, reserved 1048576K
}
Event: 104.347 GC heap before
{Heap before GC invocations=193 (full 3):
 PSYoungGen      total 3072K, used 2976K [0x00000000eab00000, 0x00000000eaf00000, 0x0000000100000000)
  eden space 2048K, 100% used [0x00000000eab00000,0x00000000ead00000,0x00000000ead00000)
  from space 1024K, 90% used [0x00000000ead00000,0x00000000eade8000,0x00000000eae00000)
  to   space 1024K, 0% used [0x00000000eae00000,0x00000000eae00000,0x00000000eaf00000)
 ParOldGen       total 139264K, used 138891K [0x00000000c0000000, 0x00000000c8800000, 0x00000000eab00000)
  object space 139264K, 99% used [0x00000000c0000000,0x00000000c87a2cc0,0x00000000c8800000)
 Metaspace       used 73322K, committed 74880K, reserved 1179648K
  class space    used 7466K, committed 8128K, reserved 1048576K
}
Event: 104.354 GC heap after
{Heap after GC invocations=193 (full 3):
 PSYoungGen      total 3072K, used 352K [0x00000000eab00000, 0x00000000eaf00000, 0x0000000100000000)
  eden space 2048K, 0% used [0x00000000eab00000,0x00000000eab00000,0x00000000ead00000)
  from space 1024K, 34% used [0x00000000eae00000,0x00000000eae58000,0x00000000eaf00000)
  to   space 1024K, 0% used [0x00000000ead00000,0x00000000ead00000,0x00000000eae00000)
 ParOldGen       total 139776K, used 139731K [0x00000000c0000000, 0x00000000c8880000, 0x00000000eab00000)
  object space 139776K, 99% used [0x00000000c0000000,0x00000000c8874cc0,0x00000000c8880000)
 Metaspace       used 73322K, committed 74880K, reserved 1179648K
  class space    used 7466K, committed 8128K, reserved 1048576K
}
Event: 104.372 GC heap before
{Heap before GC invocations=194 (full 3):
 PSYoungGen      total 3072K, used 2400K [0x00000000eab00000, 0x00000000eaf00000, 0x0000000100000000)
  eden space 2048K, 100% used [0x00000000eab00000,0x00000000ead00000,0x00000000ead00000)
  from space 1024K, 34% used [0x00000000eae00000,0x00000000eae58000,0x00000000eaf00000)
  to   space 1024K, 0% used [0x00000000ead00000,0x00000000ead00000,0x00000000eae00000)
 ParOldGen       total 139776K, used 139731K [0x00000000c0000000, 0x00000000c8880000, 0x00000000eab00000)
  object space 139776K, 99% used [0x00000000c0000000,0x00000000c8874cc0,0x00000000c8880000)
 Metaspace       used 73323K, committed 74880K, reserved 1179648K
  class space    used 7466K, committed 8128K, reserved 1048576K
}
Event: 104.374 GC heap after
{Heap after GC invocations=194 (full 3):
 PSYoungGen      total 3072K, used 320K [0x00000000eab00000, 0x00000000eae80000, 0x0000000100000000)
  eden space 2048K, 0% used [0x00000000eab00000,0x00000000eab00000,0x00000000ead00000)
  from space 1024K, 31% used [0x00000000ead00000,0x00000000ead50020,0x00000000eae00000)
  to   space 512K, 0% used [0x00000000eae00000,0x00000000eae00000,0x00000000eae80000)
 ParOldGen       total 140288K, used 139891K [0x00000000c0000000, 0x00000000c8900000, 0x00000000eab00000)
  object space 140288K, 99% used [0x00000000c0000000,0x00000000c889ccc0,0x00000000c8900000)
 Metaspace       used 73323K, committed 74880K, reserved 1179648K
  class space    used 7466K, committed 8128K, reserved 1048576K
}
Event: 104.416 GC heap before
{Heap before GC invocations=195 (full 3):
 PSYoungGen      total 3072K, used 2368K [0x00000000eab00000, 0x00000000eae80000, 0x0000000100000000)
  eden space 2048K, 100% used [0x00000000eab00000,0x00000000ead00000,0x00000000ead00000)
  from space 1024K, 31% used [0x00000000ead00000,0x00000000ead50020,0x00000000eae00000)
  to   space 512K, 0% used [0x00000000eae00000,0x00000000eae00000,0x00000000eae80000)
 ParOldGen       total 140288K, used 139891K [0x00000000c0000000, 0x00000000c8900000, 0x00000000eab00000)
  object space 140288K, 99% used [0x00000000c0000000,0x00000000c889ccc0,0x00000000c8900000)
 Metaspace       used 73323K, committed 74880K, reserved 1179648K
  class space    used 7466K, committed 8128K, reserved 1048576K
}
Event: 104.419 GC heap after
{Heap after GC invocations=195 (full 3):
 PSYoungGen      total 2560K, used 448K [0x00000000eab00000, 0x00000000eae80000, 0x0000000100000000)
  eden space 2048K, 0% used [0x00000000eab00000,0x00000000eab00000,0x00000000ead00000)
  from space 512K, 87% used [0x00000000eae00000,0x00000000eae70000,0x00000000eae80000)
  to   space 512K, 0% used [0x00000000ead80000,0x00000000ead80000,0x00000000eae00000)
 ParOldGen       total 140288K, used 140135K [0x00000000c0000000, 0x00000000c8900000, 0x00000000eab00000)
  object space 140288K, 99% used [0x00000000c0000000,0x00000000c88d9cf0,0x00000000c8900000)
 Metaspace       used 73323K, committed 74880K, reserved 1179648K
  class space    used 7466K, committed 8128K, reserved 1048576K
}

