# JRE version: Java(TM) SE Runtime Environment (17.0.5+9) (build 17.0.5+9-LTS-191)
# Java VM: Java HotSpot(TM) 64-Bit Server VM (17.0.5+9-LTS-191, mixed mode, emulated-client, sharing, tiered, compressed oops, compressed class ptrs, g1 gc, windows-amd64)
GC Precious Log:
 CPUs: 8 total, 8 available
 Memory: 7834M
 Large Page Support: Disabled
 NUMA Support: Disabled
 Compressed Oops: Enabled (32-bit)
 Heap Region Size: 1M
 Heap Min Capacity: 8M
 Heap Initial Capacity: 124M
 Heap Max Capacity: 1960M
 Pre-touch: Disabled
 Parallel Workers: 8
 Concurrent Workers: 2
 Concurrent Refinement Workers: 8
 Periodic GC: Disabled
Heap:
 garbage-first heap   total 55296K, used 22141K [0x0000000085800000, 0x0000000100000000)
  region size 1024K, 2 young (2048K), 2 survivors (2048K)
 Metaspace       used 42564K, committed 42944K, reserved 1089536K
  class space    used 5985K, committed 6144K, reserved 1048576K
GC Heap History (20 events):
Event: 1.092 GC heap after
{Heap after GC invocations=2 (full 0):
 garbage-first heap   total 126976K, used 9457K [0x0000000085800000, 0x0000000100000000)
  region size 1024K, 2 young (2048K), 2 survivors (2048K)
 Metaspace       used 11104K, committed 11328K, reserved 1064960K
  class space    used 1470K, committed 1600K, reserved 1048576K
}
Event: 2.051 GC heap before
{Heap before GC invocations=2 (full 0):
 garbage-first heap   total 126976K, used 58609K [0x0000000085800000, 0x0000000100000000)
  region size 1024K, 51 young (52224K), 2 survivors (2048K)
 Metaspace       used 17341K, committed 17664K, reserved 1064960K
  class space    used 2318K, committed 2496K, reserved 1048576K
}
Event: 2.056 GC heap after
{Heap after GC invocations=3 (full 0):
 garbage-first heap   total 126976K, used 12460K [0x0000000085800000, 0x0000000100000000)
  region size 1024K, 5 young (5120K), 5 survivors (5120K)
 Metaspace       used 17341K, committed 17664K, reserved 1064960K
  class space    used 2318K, committed 2496K, reserved 1048576K
}
Event: 2.543 GC heap before
{Heap before GC invocations=3 (full 0):
 garbage-first heap   total 126976K, used 39084K [0x0000000085800000, 0x0000000100000000)
  region size 1024K, 32 young (32768K), 5 survivors (5120K)
 Metaspace       used 21216K, committed 21504K, reserved 1073152K
  class space    used 2916K, committed 3072K, reserved 1048576K
}
Event: 2.548 GC heap after
{Heap after GC invocations=4 (full 0):
 garbage-first heap   total 126976K, used 14512K [0x0000000085800000, 0x0000000100000000)
  region size 1024K, 7 young (7168K), 7 survivors (7168K)
 Metaspace       used 21216K, committed 21504K, reserved 1073152K
  class space    used 2916K, committed 3072K, reserved 1048576K
}
Event: 3.062 GC heap before
{Heap before GC invocations=5 (full 0):
 garbage-first heap   total 55296K, used 42160K [0x0000000085800000, 0x0000000100000000)
  region size 1024K, 35 young (35840K), 7 survivors (7168K)
 Metaspace       used 24442K, committed 24768K, reserved 1073152K
  class space    used 3361K, committed 3520K, reserved 1048576K
}
Event: 3.068 GC heap after
{Heap after GC invocations=6 (full 0):
 garbage-first heap   total 55296K, used 17174K [0x0000000085800000, 0x0000000100000000)
  region size 1024K, 8 young (8192K), 8 survivors (8192K)
 Metaspace       used 24442K, committed 24768K, reserved 1073152K
  class space    used 3361K, committed 3520K, reserved 1048576K
}
Event: 3.083 GC heap before
{Heap before GC invocations=6 (full 0):
 garbage-first heap   total 55296K, used 18198K [0x0000000085800000, 0x0000000100000000)
  region size 1024K, 9 young (9216K), 8 survivors (8192K)
 Metaspace       used 24469K, committed 24832K, reserved 1073152K
  class space    used 3365K, committed 3520K, reserved 1048576K
}
Event: 3.088 GC heap after
{Heap after GC invocations=7 (full 0):
 garbage-first heap   total 55296K, used 17805K [0x0000000085800000, 0x0000000100000000)
  region size 1024K, 2 young (2048K), 2 survivors (2048K)
 Metaspace       used 24469K, committed 24832K, reserved 1073152K
  class space    used 3365K, committed 3520K, reserved 1048576K
}
Event: 3.631 GC heap before
{Heap before GC invocations=7 (full 0):
 garbage-first heap   total 55296K, used 37261K [0x0000000085800000, 0x0000000100000000)
  region size 1024K, 22 young (22528K), 2 survivors (2048K)
 Metaspace       used 29575K, committed 29952K, reserved 1081344K
  class space    used 4180K, committed 4352K, reserved 1048576K
}
Event: 3.633 GC heap after
{Heap after GC invocations=8 (full 0):
 garbage-first heap   total 55296K, used 17679K [0x0000000085800000, 0x0000000100000000)
  region size 1024K, 2 young (2048K), 2 survivors (2048K)
 Metaspace       used 29575K, committed 29952K, reserved 1081344K
  class space    used 4180K, committed 4352K, reserved 1048576K
}
Event: 4.041 GC heap before
{Heap before GC invocations=8 (full 0):
 garbage-first heap   total 55296K, used 38159K [0x0000000085800000, 0x0000000100000000)
  region size 1024K, 23 young (23552K), 2 survivors (2048K)
 Metaspace       used 34955K, committed 35328K, reserved 1081344K
  class space    used 4826K, committed 4992K, reserved 1048576K
}
Event: 4.043 GC heap after
{Heap after GC invocations=9 (full 0):
 garbage-first heap   total 55296K, used 19923K [0x0000000085800000, 0x0000000100000000)
  region size 1024K, 3 young (3072K), 3 survivors (3072K)
 Metaspace       used 34955K, committed 35328K, reserved 1081344K
  class space    used 4826K, committed 4992K, reserved 1048576K
}
Event: 4.077 GC heap before
{Heap before GC invocations=9 (full 0):
 garbage-first heap   total 55296K, used 21971K [0x0000000085800000, 0x0000000100000000)
  region size 1024K, 6 young (6144K), 3 survivors (3072K)
 Metaspace       used 35726K, committed 36096K, reserved 1081344K
  class space    used 4879K, committed 5056K, reserved 1048576K
}
Event: 4.079 GC heap after
{Heap after GC invocations=10 (full 0):
 garbage-first heap   total 55296K, used 20592K [0x0000000085800000, 0x0000000100000000)
  region size 1024K, 1 young (1024K), 1 survivors (1024K)
 Metaspace       used 35726K, committed 36096K, reserved 1081344K
  class space    used 4879K, committed 5056K, reserved 1048576K
}
Event: 4.463 GC heap before
{Heap before GC invocations=11 (full 0):
 garbage-first heap   total 55296K, used 41072K [0x0000000085800000, 0x0000000100000000)
  region size 1024K, 21 young (21504K), 1 survivors (1024K)
 Metaspace       used 39866K, committed 40192K, reserved 1089536K
  class space    used 5621K, committed 5760K, reserved 1048576K
}
Event: 4.465 GC heap after
{Heap after GC invocations=12 (full 0):
 garbage-first heap   total 55296K, used 21004K [0x0000000085800000, 0x0000000100000000)
  region size 1024K, 2 young (2048K), 2 survivors (2048K)
 Metaspace       used 39866K, committed 40192K, reserved 1089536K
  class space    used 5621K, committed 5760K, reserved 1048576K
}
Event: 4.478 GC heap before
{Heap before GC invocations=12 (full 0):
 garbage-first heap   total 55296K, used 22028K [0x0000000085800000, 0x0000000100000000)
  region size 1024K, 3 young (3072K), 2 survivors (2048K)
 Metaspace       used 39961K, committed 40320K, reserved 1089536K
  class space    used 5632K, committed 5824K, reserved 1048576K
}
Event: 4.480 GC heap after
{Heap after GC invocations=13 (full 0):
 garbage-first heap   total 55296K, used 20813K [0x0000000085800000, 0x0000000100000000)
  region size 1024K, 1 young (1024K), 1 survivors (1024K)
 Metaspace       used 39961K, committed 40320K, reserved 1089536K
  class space    used 5632K, committed 5824K, reserved 1048576K
}
Event: 5.604 GC heap before
{Heap before GC invocations=13 (full 0):
 garbage-first heap   total 55296K, used 41293K [0x0000000085800000, 0x0000000100000000)
  region size 1024K, 21 young (21504K), 1 survivors (1024K)
 Metaspace       used 42564K, committed 42944K, reserved 1089536K
  class space    used 5985K, committed 6144K, reserved 1048576K
}

